#
# A fatal error has been detected by the Java Runtime Environment:
#
#  Internal Error (javaClasses.cpp:129), pid=4632, tid=1536
#  fatal error: Invalid layout of preloaded class
#
# JRE version: 7.0_07-b11
# Java VM: Java HotSpot(TM) 64-Bit Server VM (23.3-b01 mixed mode windows-amd64 compressed oops)
# Failed to write core dump. Minidumps are not enabled by default on client versions of Windows
#
# If you would like to submit a bug report, please visit:
#   http://bugreport.sun.com/bugreport/crash.jsp
#

---------------  T H R E A D  ---------------

Current thread (0x00000000000ed000):  JavaThread "Unknown thread" [_thread_in_vm, id=1536, stack(0x00000000024d0000,0x00000000025d0000)]

Stack: [0x00000000024d0000,0x00000000025d0000]

---------------  P R O C E S S  ---------------

Java Threads: ( => current thread )

Other Threads:

=>0x00000000000ed000 (exited) JavaThread "Unknown thread" [_thread_in_vm, id=1536, stack(0x00000000024d0000,0x00000000025d0000)]

VM state:not at safepoint (not fully initialized)

VM Mutex/Monitor currently owned by a thread: None

GC Heap History (0 events):
No events

Deoptimization events (0 events):
No events

Internal exceptions (0 events):
No events

Events (10 events):
Event: 0.024 loading class 0x00000000020effa0 done
Event: 0.025 loading class 0x00000000020b3400 done
Event: 0.025 loading class 0x00000000020b33d0
Event: 0.025 loading class 0x00000000020f8fb0
Event: 0.025 loading class 0x00000000020f8fb0 done
Event: 0.025 loading class 0x00000000020f8ff0
Event: 0.025 loading class 0x00000000020f8ff0 done
Event: 0.025 loading class 0x000000000868d740
Event: 0.025 loading class 0x000000000868d740 done
Event: 0.026 loading class 0x00000000020b33d0 done


Dynamic libraries:
0x000000013f9e0000 - 0x000000013fa14000 	C:\Program Files\Java\jdk1.7.0_07\bin\javaw.exe
0x0000000077160000 - 0x0000000077309000 	C:\Windows\SYSTEM32\ntdll.dll
0x0000000076b80000 - 0x0000000076c9f000 	C:\Windows\system32\kernel32.dll
0x000007fefd750000 - 0x000007fefd7bb000 	C:\Windows\system32\KERNELBASE.dll
0x000007feff390000 - 0x000007feff46b000 	C:\Windows\system32\ADVAPI32.dll
0x000007fefde70000 - 0x000007fefdf0f000 	C:\Windows\system32\msvcrt.dll
0x000007feff370000 - 0x000007feff38f000 	C:\Windows\SYSTEM32\sechost.dll
0x000007fefef90000 - 0x000007feff0bd000 	C:\Windows\system32\RPCRT4.dll
0x0000000076a80000 - 0x0000000076b7a000 	C:\Windows\system32\USER32.dll
0x000007fefd9f0000 - 0x000007fefda57000 	C:\Windows\system32\GDI32.dll
0x000007fefe020000 - 0x000007fefe02e000 	C:\Windows\system32\LPK.dll
0x000007fefe130000 - 0x000007fefe1f9000 	C:\Windows\system32\USP10.dll
0x000007fefbd30000 - 0x000007fefbf24000 	C:\Windows\WinSxS\amd64_microsoft.windows.common-controls_6595b64144ccf1df_6.0.7601.17514_none_fa396087175ac9ac\COMCTL32.dll
0x000007fefdac0000 - 0x000007fefdb31000 	C:\Windows\system32\SHLWAPI.dll
0x000007fefdb40000 - 0x000007fefdb6e000 	C:\Windows\system32\IMM32.DLL
0x000007fefdf10000 - 0x000007fefe019000 	C:\Windows\system32\MSCTF.dll
0x000000006cc60000 - 0x000000006cd31000 	C:\Program Files\Java\jdk1.7.0_07\jre\bin\msvcr100.dll
0x000000006d4e0000 - 0x000000006dbff000 	C:\Program Files\Java\jdk1.7.0_07\jre\bin\server\jvm.dll
0x000007fef7ec0000 - 0x000007fef7ec9000 	C:\Windows\system32\WSOCK32.dll
0x000007fefda70000 - 0x000007fefdabd000 	C:\Windows\system32\WS2_32.dll
0x000007fefda60000 - 0x000007fefda68000 	C:\Windows\system32\NSI.dll
0x000007fef9e20000 - 0x000007fef9e5b000 	C:\Windows\system32\WINMM.dll
0x0000000077330000 - 0x0000000077337000 	C:\Windows\system32\PSAPI.DLL
0x0000000073860000 - 0x000000007386f000 	C:\Program Files\Java\jdk1.7.0_07\jre\bin\verify.dll
0x00000000725b0000 - 0x00000000725d8000 	C:\Program Files\Java\jdk1.7.0_07\jre\bin\java.dll
0x00000000726b0000 - 0x00000000726c5000 	C:\Program Files\Java\jdk1.7.0_07\jre\bin\zip.dll

VM Arguments:
jvm_args: -Dfile.encoding=UTF-8 -Xbootclasspath:D:\Program Files\android-sdk-windows\platforms\android-14\android.jar 
java_command: com.lq.adapter.TrackMutipleChooseAdapter
Launcher Type: SUN_STANDARD

Environment Variables:
CLASSPATH=C:\Program Files\Java\jdk1.7.0_07\lib\dt.jar;C:\Program Files\Java\jdk1.7.0_07\lib\tools.jar;
PATH=C:/Program Files/Java/jdk1.7.0_07/bin/../jre/bin/server;C:/Program Files/Java/jdk1.7.0_07/bin/../jre/bin;C:/Program Files/Java/jdk1.7.0_07/bin/../jre/lib/amd64;C:\Program Files (x86)\AMD APP\bin\x86_64;C:\Program Files (x86)\AMD APP\bin\x86;C:\Program Files (x86)\SepanderSoft;C:\Program Files\Java\jdk1.7.0_07\bin;C:\Windows\system32;C:\Windows;C:\Windows\System32\Wbem;C:\Windows\System32\WindowsPowerShell\v1.0\;C:\Program Files (x86)\ATI Technologies\ATI.ACE\Core-Static;D:\Program Files\android-sdk-windows\tools;D:\Program Files\android-sdk-windows\platform-tools;D:\Program Files\Rational\common;C:\cygwin\bin;D:\Program Files (x86)\Microsoft SQL Server\100\Tools\Binn\;D:\Program Files\Microsoft SQL Server\100\Tools\Binn\;D:\Program Files\Microsoft SQL Server\100\DTS\Binn\;D:\Program Files\Microsoft Visual Studio\Common\Tools\WinNT;D:\Program Files\Microsoft Visual Studio\Common\MSDev98\Bin;D:\Program Files\Microsoft Visual Studio\Common\Tools;D:\Program Files\Microsoft Visual Studio\VC98\bin;D:\Program Files\eclipse_android_64;
USERNAME=lq
OS=Windows_NT
PROCESSOR_IDENTIFIER=Intel64 Family 6 Model 37 Stepping 2, GenuineIntel



---------------  S Y S T E M  ---------------

OS: Windows 7 , 64 bit Build 7601 Service Pack 1

CPU:total 4 (2 cores per cpu, 2 threads per core) family 6 model 37 stepping 2, cmov, cx8, fxsr, mmx, sse, sse2, sse3, ssse3, sse4.1, sse4.2, popcnt, ht, tsc, tscinvbit

Memory: 4k page, physical 3988260k(1214132k free), swap 7974676k(4293900k free)

vm_info: Java HotSpot(TM) 64-Bit Server VM (23.3-b01) for windows-amd64 JRE (1.7.0_07-b11), built on Sep  7 2012 01:19:25 by "java_re" with unknown MS VC++:1600

time: Fri May 17 20:34:01 2013
elapsed time: 0 seconds

